[2000-07-07 11:50:10] Database FactorBase opened.
[2000-07-07 11:51:38] Database FactorBase closed.
[2000-07-07 12:30:13] Database FactorBase opened.
[2000-07-07 12:31:49] Database FactorBase closed.
[2000-07-07 13:26:45] Database FactorBase opened.
[2000-07-07 13:40:44] Database FactorBase closed.
[2000-07-12 19:18:33] Database FactorBase opened.
[2000-07-12 19:18:38] Database FactorBase closed.
[2000-07-12 20:24:50] Database FactorBase opened.
[2000-07-12 20:37:37] Database FactorBase closed.
[2000-07-12 20:42:51] Database FactorBase opened.
[2000-07-12 20:43:00] Database FactorBase closed.
[2000-07-12 20:44:49] Database FactorBase opened.
[2000-07-12 20:45:18] Database FactorBase closed.
[2000-07-13 13:09:58] Database FactorBase opened.
[2000-07-13 13:10:38] Database FactorBase closed.
[2000-07-25 11:58:51] Database FactorBase opened.
[2000-07-25 11:58:52] Cannot talk to calc.
[2000-07-25 11:58:52] Database FactorBase closed.
[2000-07-25 12:03:51] Database FactorBase opened.
[2000-07-25 12:04:10] Database FactorBase closed.
[2000-07-25 13:48:42] Database FactorBase opened.
[2000-07-25 13:49:22] Database FactorBase closed.
[2000-07-26 10:09:08] Database FactorBase opened.
[2000-07-26 10:11:32] Database FactorBase closed.
[2000-07-26 19:14:32] Database FactorBase opened.
[2000-07-26 19:14:41] Database FactorBase closed.
[2000-07-26 19:17:19] Database FactorBase opened.
[2000-07-26 19:17:19] Database FactorBase closed.
[2000-07-26 19:17:51] Database FactorBase opened.
[2000-07-26 19:17:51] Database FactorBase closed.
[2000-07-26 19:18:28] Database FactorBase opened.
[2000-07-26 19:18:28] Database FactorBase closed.
[2000-07-26 19:25:05] Database FactorBase opened.
[2000-07-26 19:25:05] Database FactorBase closed.
[2000-07-26 23:44:53] Database FactorBase opened.
[2000-07-26 23:47:39] Database FactorBase closed.
[2000-09-08 14:16:28] Database FactorBase opened.
[2000-09-08 14:16:32] Database FactorBase closed.
[2000-09-08 14:23:28] Database FactorBase opened.
[2000-09-08 14:23:30] Database FactorBase closed.
[2000-09-08 14:30:38] Database FactorBase opened.
[2000-09-08 14:30:41] Database FactorBase closed.
[2000-09-08 16:16:11] Database FactorBase opened.
[2000-09-08 16:16:11] Reported factor of Huth_127 divides no remaining composite: 100009999999899989999000000010001
[2000-09-08 16:16:11] Database FactorBase closed.
[2000-09-08 16:23:48] Database FactorBase opened.
[2000-09-08 16:23:48] PRIME factor of Huth_138 accepted: 102598800232111471
[2000-09-08 16:23:48] Scheduling Huth_138 for MPQS: 225074026173494154362523078949627325261
[2000-09-08 16:23:48] Database FactorBase closed.
[2000-09-08 16:23:55] Database FactorBase opened.
[2000-09-08 16:23:55] PRIME factor of Huth_138 accepted: 265212793249617641
[2000-09-08 16:23:55] Factorization of Huth_138 is complete.
[2000-09-08 16:23:55] Database FactorBase closed.
[2000-09-08 16:27:56] Database FactorBase opened.
[2000-09-08 16:27:56] PRIME factor of Huth_178 accepted: 4999437541453012143121
[2000-09-08 16:27:56] Factorization of Huth_178 is complete.
[2000-09-08 16:27:56] Database FactorBase closed.
[2000-09-08 16:29:41] Database FactorBase opened.
[2000-09-08 16:29:41] PRIME factor of Huth_198 accepted: 1680588011350901
[2000-09-08 16:29:41] Factorization of Huth_198 is complete.
[2000-09-08 16:29:41] Database FactorBase closed.
[2000-09-08 16:49:54] Database FactorBase opened.
[2000-09-08 16:49:55] Database FactorBase closed.
[2000-09-08 16:51:49] Database FactorBase opened.
[2000-09-08 16:51:49] Database FactorBase closed.
[2000-09-08 16:52:06] Database FactorBase opened.
[2000-09-08 16:52:07] Database FactorBase closed.
[2000-09-08 16:59:01] Database FactorBase opened.
[2000-09-08 16:59:01] PRIME factor of Huth_159 accepted: 19721061166646717498359681
[2000-09-08 16:59:01] Factorization of Huth_159 is complete.
[2000-09-08 16:59:01] Database FactorBase closed.
[2000-09-08 17:37:27] Database FactorBase opened.
[2000-09-08 17:37:27] PRIME factor of Huth_160 accepted: 19721061166646717498359681
[2000-09-08 17:37:27] Factorization of Huth_160 is complete.
[2000-09-08 17:37:27] Database FactorBase closed.
[2000-09-11 10:21:37] Database FactorBase opened.
[2000-09-11 10:21:37] Reported factor of Huth_086 divides no remaining composite: 1234567
[2000-09-11 10:21:37] Database FactorBase closed.
[2000-09-12 10:31:36] Database FactorBase opened.
[2000-09-12 10:31:36] PRIME factor of Huth_190 accepted: 965194617121640791456070347951751
[2000-09-12 10:31:36] Factorization of Huth_190 is complete.
[2000-09-12 10:31:36] Database FactorBase closed.
[2001-02-17 11:08:39] Database Comb opened.
[2001-02-17 11:08:39] Database FBTest opened.
[2001-02-17 11:10:06] Database Comb opened.
[2001-02-17 11:10:06] Database FBTest opened.
[2001-02-17 11:17:17] Database Comb opened.
[2001-02-17 11:17:17] Database FBTest opened.
[2001-02-17 11:19:38] Database Comb opened.
[2001-02-17 11:19:38] Database FBTest opened.
[2001-02-17 11:24:39] Database Comb opened.
[2001-02-17 11:24:39] Database FBTest opened.
[2001-02-17 11:35:13] Database Comb opened.
[2001-02-17 11:35:13] Database FBTest opened.
[2001-02-17 11:40:44] Database Comb opened.
[2001-02-17 11:40:44] Database FBTest opened.
[2001-02-17 11:41:16] Database Comb opened.
[2001-02-17 11:41:16] Database FBTest opened.
[2001-02-17 11:41:58] Database Comb opened.
[2001-02-17 11:41:58] Database FBTest opened.
[2001-02-17 11:58:41] Database Comb opened.
[2001-02-17 11:58:41] Database FBTest opened.
[2001-02-17 12:01:26] Database FBTest opened.
[2001-02-17 12:01:26] Database FBTest closed.
[2001-02-17 12:18:21] Database FBTest opened.
[2001-02-17 12:18:21] Database FBTest closed.
[2001-02-17 23:29:10] Database Comb opened.
[2001-02-17 23:29:10] Database FBTest opened.
[2001-02-17 23:30:36] Database Comb opened.
[2001-02-17 23:30:36] Database FBTest opened.
[2001-02-17 23:40:33] Database Comb opened.
[2001-02-17 23:40:33] Database FBTest opened.
[2001-02-17 23:40:33] Database FactorBase opened.
[2001-02-17 23:50:36] Database Comb opened.
[2001-02-17 23:50:36] Database FBTest opened.
[2001-02-17 23:50:36] Database FactorBase opened.
[2001-02-17 23:51:15] Database Comb opened.
[2001-02-17 23:51:15] Database FBTest opened.
[2001-02-17 23:51:15] Database FactorBase opened.
[2001-02-17 23:55:33] Database Comb opened.
[2001-02-17 23:55:33] Database FBTest opened.
[2001-02-17 23:55:33] Database FactorBase opened.
[2001-02-17 23:56:17] Database Comb opened.
[2001-02-17 23:56:17] Database FBTest opened.
[2001-02-17 23:56:17] Database FactorBase opened.
[2001-02-17 23:58:29] Database Comb opened.
[2001-02-17 23:58:29] Database FBTest opened.
[2001-02-17 23:58:29] Database FactorBase opened.
[2001-02-18 00:07:32] Database Comb opened.
[2001-02-18 00:07:32] Database FBTest opened.
[2001-02-18 00:07:32] Database FactorBase opened.
[2001-02-18 00:10:25] Database FactorBase opened.
[2001-02-18 00:11:30] Database FactorBase opened.
[2001-02-18 00:11:47] Database Comb opened.
[2001-02-18 00:11:47] Database FBTest opened.
[2001-02-18 00:11:47] Database FactorBase opened.
[2001-02-18 00:11:47] PRIME factor of Choose_5,1- accepted: 2
[2001-02-18 00:11:47] Factorization of Choose_5,1- is complete.
[2001-02-18 00:20:54] Database FactorBase opened.
[2001-02-18 00:20:54] Database FactorBase closed.
[2001-02-18 00:21:04] Database FactorBase opened.
[2001-02-18 00:21:04] Database FactorBase closed.
[2001-02-18 00:21:09] Database FactorBase opened.
[2001-02-18 00:21:09] Database FactorBase closed.
[2001-02-18 00:24:32] Database FactorBase opened.
[2001-02-18 00:25:03] Database Comb opened.
[2001-02-18 00:25:03] Database FBTest opened.
[2001-02-18 00:25:03] Database FactorBase opened.
[2001-02-18 00:26:43] Database Comb opened.
[2001-02-18 00:26:43] Database FBTest opened.
[2001-02-18 00:26:43] Database FactorBase opened.
[2001-02-18 00:27:22] Database Comb opened.
[2001-02-18 00:27:22] Database FBTest opened.
[2001-02-18 00:27:22] Database FactorBase opened.
[2001-02-18 19:20:40] Database Comb opened.
[2001-02-18 19:20:40] Database FBTest opened.
[2001-02-18 19:20:40] Database FactorBase opened.
[2001-02-19 10:26:54] Database Comb opened.
[2001-02-19 10:26:55] Database FBTest opened.
[2001-02-19 10:26:55] Database FactorBase opened.
[2001-02-19 10:33:10] Database Comb opened.
[2001-02-19 10:33:10] Database FBTest opened.
[2001-02-19 10:33:10] Database FactorBase opened.
[2001-02-19 11:28:10] Database Comb opened.
[2001-02-19 11:28:10] Database FBTest opened.
[2001-02-19 11:28:10] Database FactorBase opened.
[2001-04-20 12:12:43] Database Comb opened.
[2001-04-20 12:12:43] Database FBTest opened.
[2001-04-20 12:12:43] Database FactorBase opened.
[2001-05-17 11:02:42] Database Comb opened.
[2001-05-17 11:02:42] Database FBTest opened.
[2001-05-17 11:02:42] Database FactorBase opened.
[2001-05-18 13:01:09] Database Comb opened.
[2001-05-18 13:01:09] Database FBTest opened.
[2001-05-18 13:01:09] Database FactorBase opened.
[2001-05-18 13:01:18] Database Comb opened.
[2001-05-18 13:01:18] Database FBTest opened.
[2001-05-18 13:01:18] Database FactorBase opened.
[2001-05-18 15:33:14] Database Comb opened.
[2001-05-18 15:33:14] Database FBTest opened.
[2001-05-18 15:33:14] Database FactorBase opened.
[2001-05-18 15:56:48] Database Comb opened.
[2001-05-18 15:56:48] Database FBTest opened.
[2001-05-18 15:56:48] Database FactorBase opened.
[2001-05-18 21:08:27] Database Comb opened.
[2001-05-18 21:08:27] Database FBTest opened.
[2001-05-18 21:08:27] Database FactorBase opened.
[2001-05-18 21:11:38] Database Comb opened.
[2001-05-18 21:11:38] Database FBTest opened.
[2001-05-18 21:11:38] Database FactorBase opened.
[2001-05-21 20:03:53] Database Comb opened.
[2001-05-21 20:03:53] Database FBTest opened.
[2001-05-21 20:03:53] Database FactorBase opened.
[2001-05-21 20:04:16] Database Comb opened.
[2001-05-21 20:04:16] Database FBTest opened.
[2001-05-21 20:04:16] Database FactorBase opened.
[2001-05-21 20:13:20] Database Comb opened.
[2001-05-21 20:13:20] Database FBTest opened.
[2001-05-21 20:13:20] Database FactorBase opened.
[2001-05-21 20:16:59] Database Comb opened.
[2001-05-21 20:16:59] Database FBTest opened.
[2001-05-21 20:16:59] Database FactorBase opened.
[2001-05-21 20:20:41] Database Comb opened.
[2001-05-21 20:20:41] Database FBTest opened.
[2001-05-21 20:20:41] Database FactorBase opened.
[2001-05-21 20:22:26] Database Comb opened.
[2001-05-21 20:22:26] Database FBTest opened.
[2001-05-21 20:22:26] Database FactorBase opened.
[2001-05-21 20:23:00] Database Comb opened.
[2001-05-21 20:23:00] Database FBTest opened.
[2001-05-21 20:23:00] Database FactorBase opened.
[2001-05-21 20:24:09] Database Comb opened.
[2001-05-21 20:24:09] Database FBTest opened.
[2001-05-21 20:24:09] Database FactorBase opened.
[2001-05-21 20:27:10] Database Comb opened.
[2001-05-21 20:27:10] Database FBTest opened.
[2001-05-21 20:27:10] Database FactorBase opened.
[2001-05-21 20:27:37] Database Comb opened.
[2001-05-21 20:27:37] Database FBTest opened.
[2001-05-21 20:27:37] Database FactorBase opened.
[2001-05-21 20:27:43] Database Comb opened.
[2001-05-21 20:27:43] Database FBTest opened.
[2001-05-21 20:27:43] Database FactorBase opened.
[2001-05-21 20:27:44] Database Comb opened.
[2001-05-21 20:27:44] Database FBTest opened.
[2001-05-21 20:27:44] Database FactorBase opened.
[2001-05-21 20:27:45] Database Comb opened.
[2001-05-21 20:27:45] Database FBTest opened.
[2001-05-21 20:27:45] Database FactorBase opened.
[2001-05-21 20:27:46] Database Comb opened.
[2001-05-21 20:27:46] Database FBTest opened.
[2001-05-21 20:27:46] Database FactorBase opened.
[2001-05-21 20:27:47] Database Comb opened.
[2001-05-21 20:27:47] Database FBTest opened.
[2001-05-21 20:27:47] Database FactorBase opened.
[2001-05-21 20:27:52] Database Comb opened.
[2001-05-21 20:27:52] Database FBTest opened.
[2001-05-21 20:27:52] Database FactorBase opened.
[2001-05-21 20:27:53] Database Comb opened.
[2001-05-21 20:27:53] Database FBTest opened.
[2001-05-21 20:27:53] Database FactorBase opened.
[2001-05-21 20:27:54] Database Comb opened.
[2001-05-21 20:27:54] Database FBTest opened.
[2001-05-21 20:27:54] Database FactorBase opened.
[2001-05-21 20:27:55] Database Comb opened.
[2001-05-21 20:27:55] Database FBTest opened.
[2001-05-21 20:27:55] Database FactorBase opened.
[2001-05-21 20:27:56] Database Comb opened.
[2001-05-21 20:27:56] Database FBTest opened.
[2001-05-21 20:27:56] Database FactorBase opened.
[2001-05-21 20:27:57] Database Comb opened.
[2001-05-21 20:27:57] Database FBTest opened.
[2001-05-21 20:27:57] Database FactorBase opened.
[2001-05-21 20:27:58] Database Comb opened.
[2001-05-21 20:27:58] Database FBTest opened.
[2001-05-21 20:27:58] Database FactorBase opened.
[2001-05-21 20:28:03] Database Comb opened.
[2001-05-21 20:28:03] Database FBTest opened.
[2001-05-21 20:28:03] Database FactorBase opened.
[2001-05-21 20:28:04] Database Comb opened.
[2001-05-21 20:28:04] Database FBTest opened.
[2001-05-21 20:28:04] Database FactorBase opened.
[2001-05-21 20:28:24] Database Comb opened.
[2001-05-21 20:28:24] Database FBTest opened.
[2001-05-21 20:28:24] Database FactorBase opened.
[2001-05-21 21:15:27] Database Comb opened.
[2001-05-21 21:15:27] Database FBTest opened.
[2001-05-21 21:15:27] Database FactorBase opened.
[2001-05-21 21:16:12] Database Comb opened.
[2001-05-21 21:16:12] Database FBTest opened.
[2001-05-21 21:16:12] Database FactorBase opened.
[2001-05-21 21:18:48] Database Comb opened.
[2001-05-21 21:18:48] Database FBTest opened.
[2001-05-21 21:18:48] Database FactorBase opened.
[2001-05-22 11:10:48] Database Comb opened.
[2001-05-22 11:10:48] Database FBTest opened.
[2001-05-22 11:10:48] Database FactorBase opened.
[2001-05-24 11:15:29] Database Comb opened.
[2001-05-24 11:15:29] Database FBTest opened.
[2001-05-24 11:15:29] Database FactorBase opened.
[2001-05-25 11:56:06] Database Comb opened.
[2001-05-25 11:56:07] Database FBTest opened.
[2001-05-25 11:56:07] Database FactorBase opened.
[2001-05-25 12:26:39] Database Comb opened.
[2001-05-25 12:26:39] Database FBTest opened.
[2001-05-25 12:26:39] Database FactorBase opened.
[2001-05-29 11:16:37] Database Comb opened.
[2001-05-29 11:16:37] Database FBTest opened.
[2001-05-29 11:16:37] Database FactorBase opened.
[2001-07-20 13:41:50] Database Comb opened.
[2001-07-20 13:41:50] Database FBTest opened.
[2001-07-20 13:41:50] Database FactorBase opened.
[2001-07-20 13:49:21] Database Comb opened.
[2001-07-20 13:49:21] Database FBTest opened.
[2001-07-20 13:49:21] Database FactorBase opened.
[2002-01-03 13:39:32] Database Comb opened.
[2002-01-03 13:39:32] Database FBTest opened.
[2002-01-03 13:39:32] Database FactorBase opened.
[2002-04-10 14:32:54] Database Comb opened.
[2002-04-10 14:32:54] Database FBTest opened.
[2002-04-10 14:32:54] Database FactorBase opened.
[2004-09-07 16:07:35] Database Comb opened.
[2004-09-07 16:07:35] Database FBTest opened.
[2004-09-07 16:07:35] Database FactorBase opened.
[2004-09-07 16:07:48] Database Comb opened.
[2004-09-07 16:07:48] Database FBTest opened.
[2004-09-07 16:07:48] Database FactorBase opened.
[2004-09-08 22:10:34] Database Comb opened.
[2004-09-08 22:10:34] Database FBTest opened.
[2004-09-08 22:10:54] Database Comb opened.
[2004-09-08 22:10:54] Database FBTest opened.
[2004-09-08 22:10:54] Database FactorBase opened.
